2021-01-06 19:49:09 [main] INFO  com.example.calculate.CalculateApplication : Starting CalculateApplication using Java 1.8.0_221 on NB-YANGLUSHENG with PID 22320 (D:\SpringBoot\calculate\target\classes started by yanglusheng in D:\SpringBoot\calculate)
2021-01-06 19:49:09 [main] INFO  com.example.calculate.CalculateApplication : The following profiles are active: dev
2021-01-06 19:49:10 [main] INFO  o.s.boot.web.embedded.tomcat.TomcatWebServer : Tomcat initialized with port(s): 9999 (http)
2021-01-06 19:49:10 [main] INFO  org.apache.catalina.core.StandardService : Starting service [Tomcat]
2021-01-06 19:49:10 [main] INFO  org.apache.catalina.core.StandardEngine : Starting Servlet engine: [Apache Tomcat/9.0.41]
2021-01-06 19:49:10 [main] INFO  o.a.c.core.ContainerBase.[Tomcat].[localhost].[/] : Initializing Spring embedded WebApplicationContext
2021-01-06 19:49:10 [main] INFO  o.s.b.w.s.c.ServletWebServerApplicationContext : Root WebApplicationContext: initialization completed in 1466 ms
2021-01-06 19:49:10 [main] INFO  o.s.scheduling.concurrent.ThreadPoolTaskExecutor : Initializing ExecutorService 'applicationTaskExecutor'
2021-01-06 19:49:11 [main] INFO  o.s.boot.web.embedded.tomcat.TomcatWebServer : Tomcat started on port(s): 9999 (http) with context path ''
2021-01-06 19:49:11 [main] INFO  com.example.calculate.CalculateApplication : Started CalculateApplication in 2.679 seconds (JVM running for 3.629)
2021-01-06 19:49:13 [http-nio-9999-exec-1] INFO  o.a.c.core.ContainerBase.[Tomcat].[localhost].[/] : Initializing Spring DispatcherServlet 'dispatcherServlet'
2021-01-06 19:49:13 [http-nio-9999-exec-1] INFO  org.springframework.web.servlet.DispatcherServlet : Initializing Servlet 'dispatcherServlet'
2021-01-06 19:49:13 [http-nio-9999-exec-1] INFO  org.springframework.web.servlet.DispatcherServlet : Completed initialization in 1 ms
2021-01-06 19:51:07 [main] INFO  com.example.calculate.CalculateApplication : Starting CalculateApplication using Java 1.8.0_221 on NB-YANGLUSHENG with PID 22680 (D:\SpringBoot\calculate\target\classes started by yanglusheng in D:\SpringBoot\calculate)
2021-01-06 19:51:07 [main] INFO  com.example.calculate.CalculateApplication : The following profiles are active: dev
2021-01-06 19:51:08 [main] INFO  o.s.boot.web.embedded.tomcat.TomcatWebServer : Tomcat initialized with port(s): 9999 (http)
2021-01-06 19:51:08 [main] INFO  org.apache.catalina.core.StandardService : Starting service [Tomcat]
2021-01-06 19:51:08 [main] INFO  org.apache.catalina.core.StandardEngine : Starting Servlet engine: [Apache Tomcat/9.0.41]
2021-01-06 19:51:08 [main] INFO  o.a.c.core.ContainerBase.[Tomcat].[localhost].[/] : Initializing Spring embedded WebApplicationContext
2021-01-06 19:51:08 [main] INFO  o.s.b.w.s.c.ServletWebServerApplicationContext : Root WebApplicationContext: initialization completed in 981 ms
2021-01-06 19:51:09 [main] INFO  o.s.scheduling.concurrent.ThreadPoolTaskExecutor : Initializing ExecutorService 'applicationTaskExecutor'
2021-01-06 19:51:09 [main] INFO  o.s.boot.web.embedded.tomcat.TomcatWebServer : Tomcat started on port(s): 9999 (http) with context path ''
2021-01-06 19:51:09 [main] INFO  com.example.calculate.CalculateApplication : Started CalculateApplication in 2.207 seconds (JVM running for 3.995)
2021-01-06 19:51:12 [http-nio-9999-exec-2] INFO  o.a.c.core.ContainerBase.[Tomcat].[localhost].[/] : Initializing Spring DispatcherServlet 'dispatcherServlet'
2021-01-06 19:51:12 [http-nio-9999-exec-2] INFO  org.springframework.web.servlet.DispatcherServlet : Initializing Servlet 'dispatcherServlet'
2021-01-06 19:51:12 [http-nio-9999-exec-2] INFO  org.springframework.web.servlet.DispatcherServlet : Completed initialization in 1 ms
2021-01-06 19:53:14 [SpringContextShutdownHook] INFO  o.s.scheduling.concurrent.ThreadPoolTaskExecutor : Shutting down ExecutorService 'applicationTaskExecutor'
2021-01-06 19:53:19 [main] INFO  com.example.calculate.CalculateApplication : Starting CalculateApplication using Java 1.8.0_221 on NB-YANGLUSHENG with PID 6212 (D:\SpringBoot\calculate\target\classes started by yanglusheng in D:\SpringBoot\calculate)
2021-01-06 19:53:19 [main] INFO  com.example.calculate.CalculateApplication : The following profiles are active: dev
2021-01-06 19:53:20 [main] INFO  o.s.boot.web.embedded.tomcat.TomcatWebServer : Tomcat initialized with port(s): 9999 (http)
2021-01-06 19:53:20 [main] INFO  org.apache.catalina.core.StandardService : Starting service [Tomcat]
2021-01-06 19:53:20 [main] INFO  org.apache.catalina.core.StandardEngine : Starting Servlet engine: [Apache Tomcat/9.0.41]
2021-01-06 19:53:20 [main] INFO  o.a.c.core.ContainerBase.[Tomcat].[localhost].[/] : Initializing Spring embedded WebApplicationContext
2021-01-06 19:53:20 [main] INFO  o.s.b.w.s.c.ServletWebServerApplicationContext : Root WebApplicationContext: initialization completed in 1095 ms
2021-01-06 19:53:20 [main] INFO  o.s.scheduling.concurrent.ThreadPoolTaskExecutor : Initializing ExecutorService 'applicationTaskExecutor'
2021-01-06 19:53:20 [main] INFO  o.s.boot.web.embedded.tomcat.TomcatWebServer : Tomcat started on port(s): 9999 (http) with context path ''
2021-01-06 19:53:21 [main] INFO  com.example.calculate.CalculateApplication : Started CalculateApplication in 2.436 seconds (JVM running for 3.338)
2021-01-06 19:53:43 [http-nio-9999-exec-2] INFO  o.a.c.core.ContainerBase.[Tomcat].[localhost].[/] : Initializing Spring DispatcherServlet 'dispatcherServlet'
2021-01-06 19:53:43 [http-nio-9999-exec-2] INFO  org.springframework.web.servlet.DispatcherServlet : Initializing Servlet 'dispatcherServlet'
2021-01-06 19:53:43 [http-nio-9999-exec-2] INFO  org.springframework.web.servlet.DispatcherServlet : Completed initialization in 2 ms
2021-01-06 19:55:01 [SpringContextShutdownHook] INFO  o.s.scheduling.concurrent.ThreadPoolTaskExecutor : Shutting down ExecutorService 'applicationTaskExecutor'
2021-01-06 19:55:06 [main] INFO  com.example.calculate.CalculateApplication : Starting CalculateApplication using Java 1.8.0_221 on NB-YANGLUSHENG with PID 19376 (D:\SpringBoot\calculate\target\classes started by yanglusheng in D:\SpringBoot\calculate)
2021-01-06 19:55:06 [main] INFO  com.example.calculate.CalculateApplication : The following profiles are active: dev
2021-01-06 19:55:07 [main] INFO  o.s.boot.web.embedded.tomcat.TomcatWebServer : Tomcat initialized with port(s): 9999 (http)
2021-01-06 19:55:07 [main] INFO  org.apache.catalina.core.StandardService : Starting service [Tomcat]
2021-01-06 19:55:07 [main] INFO  org.apache.catalina.core.StandardEngine : Starting Servlet engine: [Apache Tomcat/9.0.41]
2021-01-06 19:55:07 [main] INFO  o.a.c.core.ContainerBase.[Tomcat].[localhost].[/] : Initializing Spring embedded WebApplicationContext
2021-01-06 19:55:07 [main] INFO  o.s.b.w.s.c.ServletWebServerApplicationContext : Root WebApplicationContext: initialization completed in 1500 ms
2021-01-06 19:55:08 [main] INFO  o.s.scheduling.concurrent.ThreadPoolTaskExecutor : Initializing ExecutorService 'applicationTaskExecutor'
2021-01-06 19:55:08 [main] INFO  o.s.boot.web.embedded.tomcat.TomcatWebServer : Tomcat started on port(s): 9999 (http) with context path ''
2021-01-06 19:55:08 [main] INFO  com.example.calculate.CalculateApplication : Started CalculateApplication in 3.182 seconds (JVM running for 4.017)
2021-01-06 19:55:53 [http-nio-9999-exec-1] INFO  o.a.c.core.ContainerBase.[Tomcat].[localhost].[/] : Initializing Spring DispatcherServlet 'dispatcherServlet'
2021-01-06 19:55:53 [http-nio-9999-exec-1] INFO  org.springframework.web.servlet.DispatcherServlet : Initializing Servlet 'dispatcherServlet'
2021-01-06 19:55:53 [http-nio-9999-exec-1] INFO  org.springframework.web.servlet.DispatcherServlet : Completed initialization in 2 ms
2021-01-06 19:59:22 [SpringContextShutdownHook] INFO  o.s.scheduling.concurrent.ThreadPoolTaskExecutor : Shutting down ExecutorService 'applicationTaskExecutor'
2021-01-06 19:59:27 [main] INFO  com.example.calculate.CalculateApplication : Starting CalculateApplication using Java 1.8.0_221 on NB-YANGLUSHENG with PID 9108 (D:\SpringBoot\calculate\target\classes started by yanglusheng in D:\SpringBoot\calculate)
2021-01-06 19:59:27 [main] INFO  com.example.calculate.CalculateApplication : The following profiles are active: dev
2021-01-06 19:59:28 [main] INFO  o.s.boot.web.embedded.tomcat.TomcatWebServer : Tomcat initialized with port(s): 9999 (http)
2021-01-06 19:59:28 [main] INFO  org.apache.catalina.core.StandardService : Starting service [Tomcat]
2021-01-06 19:59:28 [main] INFO  org.apache.catalina.core.StandardEngine : Starting Servlet engine: [Apache Tomcat/9.0.41]
2021-01-06 19:59:28 [main] INFO  o.a.c.core.ContainerBase.[Tomcat].[localhost].[/] : Initializing Spring embedded WebApplicationContext
2021-01-06 19:59:28 [main] INFO  o.s.b.w.s.c.ServletWebServerApplicationContext : Root WebApplicationContext: initialization completed in 1464 ms
2021-01-06 19:59:29 [main] INFO  o.s.scheduling.concurrent.ThreadPoolTaskExecutor : Initializing ExecutorService 'applicationTaskExecutor'
2021-01-06 19:59:29 [main] INFO  o.s.boot.web.embedded.tomcat.TomcatWebServer : Tomcat started on port(s): 9999 (http) with context path ''
2021-01-06 19:59:29 [main] INFO  com.example.calculate.CalculateApplication : Started CalculateApplication in 3.001 seconds (JVM running for 3.899)
2021-01-06 19:59:38 [http-nio-9999-exec-1] INFO  o.a.c.core.ContainerBase.[Tomcat].[localhost].[/] : Initializing Spring DispatcherServlet 'dispatcherServlet'
2021-01-06 19:59:38 [http-nio-9999-exec-1] INFO  org.springframework.web.servlet.DispatcherServlet : Initializing Servlet 'dispatcherServlet'
2021-01-06 19:59:38 [http-nio-9999-exec-1] INFO  org.springframework.web.servlet.DispatcherServlet : Completed initialization in 2 ms
2021-01-06 20:04:53 [SpringContextShutdownHook] INFO  o.s.scheduling.concurrent.ThreadPoolTaskExecutor : Shutting down ExecutorService 'applicationTaskExecutor'
2021-01-06 20:04:58 [main] INFO  com.example.calculate.CalculateApplication : Starting CalculateApplication using Java 1.8.0_221 on NB-YANGLUSHENG with PID 18668 (D:\SpringBoot\calculate\target\classes started by yanglusheng in D:\SpringBoot\calculate)
2021-01-06 20:04:58 [main] INFO  com.example.calculate.CalculateApplication : The following profiles are active: dev
2021-01-06 20:04:59 [main] INFO  o.s.boot.web.embedded.tomcat.TomcatWebServer : Tomcat initialized with port(s): 9999 (http)
2021-01-06 20:04:59 [main] INFO  org.apache.catalina.core.StandardService : Starting service [Tomcat]
2021-01-06 20:04:59 [main] INFO  org.apache.catalina.core.StandardEngine : Starting Servlet engine: [Apache Tomcat/9.0.41]
2021-01-06 20:04:59 [main] INFO  o.a.c.core.ContainerBase.[Tomcat].[localhost].[/] : Initializing Spring embedded WebApplicationContext
2021-01-06 20:04:59 [main] INFO  o.s.b.w.s.c.ServletWebServerApplicationContext : Root WebApplicationContext: initialization completed in 1013 ms
2021-01-06 20:04:59 [main] INFO  o.s.scheduling.concurrent.ThreadPoolTaskExecutor : Initializing ExecutorService 'applicationTaskExecutor'
2021-01-06 20:04:59 [main] INFO  o.s.boot.web.embedded.tomcat.TomcatWebServer : Tomcat started on port(s): 9999 (http) with context path ''
2021-01-06 20:04:59 [main] INFO  com.example.calculate.CalculateApplication : Started CalculateApplication in 2.3 seconds (JVM running for 2.956)
2021-01-06 20:05:04 [http-nio-9999-exec-1] INFO  o.a.c.core.ContainerBase.[Tomcat].[localhost].[/] : Initializing Spring DispatcherServlet 'dispatcherServlet'
2021-01-06 20:05:04 [http-nio-9999-exec-1] INFO  org.springframework.web.servlet.DispatcherServlet : Initializing Servlet 'dispatcherServlet'
2021-01-06 20:05:04 [http-nio-9999-exec-1] INFO  org.springframework.web.servlet.DispatcherServlet : Completed initialization in 1 ms
